Using pre-set license
Built from '2020.3/staging' branch; Version is '2020.3.17f1 (a4537701e4ab) revision 10769271'; Using compiler version '192528614'; Build Type 'Release'
OS: 'Windows 10 Home; OS build 22000.856; Version 2009; 64bit' Language: 'en' Physical Memory: 16248 MB
BatchMode: 1, IsHumanControllingUs: 0, StartBugReporterOnCrash: 0, Is64bit: 1, IsPro: 0

COMMAND LINE ARGUMENTS:
C:\Program Files\Unity\Hub\Editor\2020.3.17f1\Editor\Unity.exe
-adb2
-batchMode
-noUpm
-name
AssetImportWorker0
-projectPath
C:/Users/Nevaeh/Documents/GitHub/prototype1/Proto1
-logFile
Logs/AssetImportWorker0.log
-srvPort
50072
Successfully changed project path to: C:/Users/Nevaeh/Documents/GitHub/prototype1/Proto1
C:/Users/Nevaeh/Documents/GitHub/prototype1/Proto1
Using Asset Import Pipeline V2.
Refreshing native plugins compatible for Editor in 36.97 ms, found 3 plugins.
Preloading 0 native plugins for Editor in 0.00 ms.
Initialize engine version: 2020.3.17f1 (a4537701e4ab)
[Subsystems] Discovering subsystems at path C:/Program Files/Unity/Hub/Editor/2020.3.17f1/Editor/Data/Resources/UnitySubsystems
[Subsystems] Discovering subsystems at path C:/Users/Nevaeh/Documents/GitHub/prototype1/Proto1/Assets
GfxDevice: creating device client; threaded=0
Direct3D:
    Version:  Direct3D 11.0 [level 11.1]
    Renderer: NVIDIA GeForce GTX 1660 Ti (ID=0x2191)
    Vendor:   
    VRAM:     5991 MB
    Driver:   30.0.14.7180
Initialize mono
Mono path[0] = 'C:/Program Files/Unity/Hub/Editor/2020.3.17f1/Editor/Data/Managed'
Mono path[1] = 'C:/Program Files/Unity/Hub/Editor/2020.3.17f1/Editor/Data/MonoBleedingEdge/lib/mono/unityjit'
Mono config path = 'C:/Program Files/Unity/Hub/Editor/2020.3.17f1/Editor/Data/MonoBleedingEdge/etc'
Using monoOptions --debugger-agent=transport=dt_socket,embedding=1,server=y,suspend=n,address=127.0.0.1:56812
Begin MonoManager ReloadAssembly
Registering precompiled unity dll's ...
Register platform support module: C:/Program Files/Unity/Hub/Editor/2020.3.17f1/Editor/Data/PlaybackEngines/WindowsStandaloneSupport/UnityEditor.WindowsStandalone.Extensions.dll
Registered in 0.001085 seconds.
Native extension for WindowsStandalone target not found
Refreshing native plugins compatible for Editor in 34.63 ms, found 3 plugins.
Preloading 0 native plugins for Editor in 0.00 ms.
Mono: successfully reloaded assembly
- Completed reload, in  0.834 seconds
Domain Reload Profiling:
	ReloadAssembly (834ms)
		BeginReloadAssembly (43ms)
			ExecutionOrderSort (0ms)
			DisableScriptedObjects (0ms)
			BackupInstance (0ms)
			ReleaseScriptingObjects (0ms)
			CreateAndSetChildDomain (1ms)
		EndReloadAssembly (345ms)
			LoadAssemblies (42ms)
			RebuildTransferFunctionScriptingTraits (0ms)
			SetupTypeCache (125ms)
			ReleaseScriptCaches (0ms)
			RebuildScriptCaches (27ms)
			SetupLoadedEditorAssemblies (135ms)
				LogAssemblyErrors (0ms)
				InitializePlatformSupportModulesInManaged (3ms)
				SetLoadedEditorAssemblies (0ms)
				RefreshPlugins (35ms)
				BeforeProcessingInitializeOnLoad (7ms)
				ProcessInitializeOnLoadAttributes (67ms)
				ProcessInitializeOnLoadMethodAttributes (23ms)
				AfterProcessingInitializeOnLoad (0ms)
				EditorAssembliesLoaded (0ms)
			ExecutionOrderSort2 (0ms)
			AwakeInstancesAfterBackupRestoration (0ms)
Platform modules already initialized, skipping
Registering precompiled user dll's ...
Registered in 0.002571 seconds.
Begin MonoManager ReloadAssembly
Native extension for WindowsStandalone target not found
Refreshing native plugins compatible for Editor in 33.00 ms, found 3 plugins.
Preloading 0 native plugins for Editor in 0.00 ms.
Mono: successfully reloaded assembly
- Completed reload, in  0.982 seconds
Domain Reload Profiling:
	ReloadAssembly (983ms)
		BeginReloadAssembly (121ms)
			ExecutionOrderSort (0ms)
			DisableScriptedObjects (4ms)
			BackupInstance (0ms)
			ReleaseScriptingObjects (0ms)
			CreateAndSetChildDomain (17ms)
		EndReloadAssembly (805ms)
			LoadAssemblies (72ms)
			RebuildTransferFunctionScriptingTraits (0ms)
			SetupTypeCache (242ms)
			ReleaseScriptCaches (0ms)
			RebuildScriptCaches (38ms)
			SetupLoadedEditorAssemblies (352ms)
				LogAssemblyErrors (0ms)
				InitializePlatformSupportModulesInManaged (3ms)
				SetLoadedEditorAssemblies (0ms)
				RefreshPlugins (33ms)
				BeforeProcessingInitializeOnLoad (53ms)
				ProcessInitializeOnLoadAttributes (248ms)
				ProcessInitializeOnLoadMethodAttributes (11ms)
				AfterProcessingInitializeOnLoad (4ms)
				EditorAssembliesLoaded (0ms)
			ExecutionOrderSort2 (0ms)
			AwakeInstancesAfterBackupRestoration (6ms)
Platform modules already initialized, skipping
========================================================================
Worker process is ready to serve import requests
Launched and connected shader compiler UnityShaderCompiler.exe after 0.03 seconds
Refreshing native plugins compatible for Editor in 0.41 ms, found 3 plugins.
Preloading 0 native plugins for Editor in 0.00 ms.
Unloading 2091 Unused Serialized files (Serialized files now loaded: 0)
System memory in use before: 93.0 MB.
System memory in use after: 93.1 MB.

Unloading 28 unused Assets to reduce memory usage. Loaded Objects now: 2528.
Total: 2.489700 ms (FindLiveObjects: 0.172100 ms CreateObjectMapping: 0.077200 ms MarkObjects: 2.194500 ms  DeleteObjects: 0.045400 ms)

AssetImportParameters requested are different than current active one (requested -> active):
  custom:framework-win-MediaFoundation: 216162199b28c13a410421893ffa2e32 -> 
  custom:video-decoder-ogg-theora: a1e56fd34408186e4bbccfd4996cb3dc -> 
  custom:container-muxer-webm: aa71ff27fc2769a1b78a27578f13a17b -> 
  custom:container-demuxer-webm: 4f35f7cbe854078d1ac9338744f61a02 -> 
  custom:container-demuxer-ogg: 62fdf1f143b41e24485cea50d1cbac27 -> 
  custom:video-encoder-webm-vp8: eb34c28f22e8b96e1ab97ce403110664 -> 
  custom:video-decoder-webm-vp8: 9c59270c3fd7afecdb556c50c9e8de78 -> 
  custom:audio-decoder-ogg-vorbis: bf7c407c2cedff20999df2af8eb42d56 -> 
  custom:audio-encoder-webm-vorbis: bf7c407c2cedff20999df2af8eb42d56 -> 
========================================================================
Received Import Request.
  path: Assets
  artifactKey: Guid(00000000000000001000000000000000) Importer(815301076,1909f56bfc062723c751e8b465ee728b)
Start importing Assets using Guid(00000000000000001000000000000000) Importer(815301076,1909f56bfc062723c751e8b465ee728b)  -> (artifact id: '42d402b061de3733987d63b9cc3b64de') in 0.006492 seconds 
  Import took 0.009447 seconds .

========================================================================
Received Import Request.
  Time since last request: 7.421957 seconds.
  path: Assets/PlayerMovement.cs
  artifactKey: Guid(351e90e16458e2a44b53ff9f798de188) Importer(815301076,1909f56bfc062723c751e8b465ee728b)
Start importing Assets/PlayerMovement.cs using Guid(351e90e16458e2a44b53ff9f798de188) Importer(815301076,1909f56bfc062723c751e8b465ee728b)  -> (artifact id: 'd7201a5475adf4c1c6b1583d7d312d65') in 0.023012 seconds 
  Import took 0.027117 seconds .

========================================================================
Received Prepare
Registering precompiled user dll's ...
Registered in 0.002678 seconds.
Begin MonoManager ReloadAssembly
Native extension for WindowsStandalone target not found
Refreshing native plugins compatible for Editor in 1.07 ms, found 3 plugins.
Preloading 0 native plugins for Editor in 0.00 ms.
Mono: successfully reloaded assembly
- Completed reload, in  1.058 seconds
Domain Reload Profiling:
	ReloadAssembly (1058ms)
		BeginReloadAssembly (98ms)
			ExecutionOrderSort (0ms)
			DisableScriptedObjects (6ms)
			BackupInstance (0ms)
			ReleaseScriptingObjects (0ms)
			CreateAndSetChildDomain (30ms)
		EndReloadAssembly (900ms)
			LoadAssemblies (74ms)
			RebuildTransferFunctionScriptingTraits (0ms)
			SetupTypeCache (267ms)
			ReleaseScriptCaches (1ms)
			RebuildScriptCaches (39ms)
			SetupLoadedEditorAssemblies (393ms)
				LogAssemblyErrors (0ms)
				InitializePlatformSupportModulesInManaged (6ms)
				SetLoadedEditorAssemblies (2ms)
				RefreshPlugins (1ms)
				BeforeProcessingInitializeOnLoad (65ms)
				ProcessInitializeOnLoadAttributes (310ms)
				ProcessInitializeOnLoadMethodAttributes (5ms)
				AfterProcessingInitializeOnLoad (4ms)
				EditorAssembliesLoaded (0ms)
			ExecutionOrderSort2 (0ms)
			AwakeInstancesAfterBackupRestoration (10ms)
Platform modules already initialized, skipping
Refreshing native plugins compatible for Editor in 0.43 ms, found 3 plugins.
Preloading 0 native plugins for Editor in 0.00 ms.
Unloading 2082 Unused Serialized files (Serialized files now loaded: 0)
System memory in use before: 92.5 MB.
System memory in use after: 92.7 MB.

Unloading 16 unused Assets to reduce memory usage. Loaded Objects now: 2532.
Total: 2.545200 ms (FindLiveObjects: 0.171200 ms CreateObjectMapping: 0.096800 ms MarkObjects: 2.240400 ms  DeleteObjects: 0.036000 ms)

AssetImportParameters requested are different than current active one (requested -> active):
  custom:framework-win-MediaFoundation: 216162199b28c13a410421893ffa2e32 -> 
  custom:video-decoder-ogg-theora: a1e56fd34408186e4bbccfd4996cb3dc -> 
  custom:container-muxer-webm: aa71ff27fc2769a1b78a27578f13a17b -> 
  custom:container-demuxer-webm: 4f35f7cbe854078d1ac9338744f61a02 -> 
  custom:container-demuxer-ogg: 62fdf1f143b41e24485cea50d1cbac27 -> 
  custom:video-encoder-webm-vp8: eb34c28f22e8b96e1ab97ce403110664 -> 
  custom:video-decoder-webm-vp8: 9c59270c3fd7afecdb556c50c9e8de78 -> 
  custom:audio-decoder-ogg-vorbis: bf7c407c2cedff20999df2af8eb42d56 -> 
  custom:audio-encoder-webm-vorbis: bf7c407c2cedff20999df2af8eb42d56 -> 
========================================================================
Received Prepare
Registering precompiled user dll's ...
Registered in 0.003486 seconds.
Begin MonoManager ReloadAssembly
Native extension for WindowsStandalone target not found
Refreshing native plugins compatible for Editor in 0.39 ms, found 3 plugins.
Preloading 0 native plugins for Editor in 0.00 ms.
Mono: successfully reloaded assembly
- Completed reload, in  0.930 seconds
Domain Reload Profiling:
	ReloadAssembly (930ms)
		BeginReloadAssembly (99ms)
			ExecutionOrderSort (0ms)
			DisableScriptedObjects (6ms)
			BackupInstance (0ms)
			ReleaseScriptingObjects (0ms)
			CreateAndSetChildDomain (33ms)
		EndReloadAssembly (777ms)
			LoadAssemblies (78ms)
			RebuildTransferFunctionScriptingTraits (0ms)
			SetupTypeCache (258ms)
			ReleaseScriptCaches (1ms)
			RebuildScriptCaches (37ms)
			SetupLoadedEditorAssemblies (309ms)
				LogAssemblyErrors (0ms)
				InitializePlatformSupportModulesInManaged (4ms)
				SetLoadedEditorAssemblies (0ms)
				RefreshPlugins (0ms)
				BeforeProcessingInitializeOnLoad (47ms)
				ProcessInitializeOnLoadAttributes (249ms)
				ProcessInitializeOnLoadMethodAttributes (5ms)
				AfterProcessingInitializeOnLoad (4ms)
				EditorAssembliesLoaded (0ms)
			ExecutionOrderSort2 (0ms)
			AwakeInstancesAfterBackupRestoration (11ms)
Platform modules already initialized, skipping
Refreshing native plugins compatible for Editor in 0.44 ms, found 3 plugins.
Preloading 0 native plugins for Editor in 0.00 ms.
Unloading 2082 Unused Serialized files (Serialized files now loaded: 0)
System memory in use before: 92.6 MB.
System memory in use after: 92.7 MB.

Unloading 16 unused Assets to reduce memory usage. Loaded Objects now: 2535.
Total: 2.537800 ms (FindLiveObjects: 0.175800 ms CreateObjectMapping: 0.074600 ms MarkObjects: 2.272100 ms  DeleteObjects: 0.014300 ms)

AssetImportParameters requested are different than current active one (requested -> active):
  custom:framework-win-MediaFoundation: 216162199b28c13a410421893ffa2e32 -> 
  custom:video-decoder-ogg-theora: a1e56fd34408186e4bbccfd4996cb3dc -> 
  custom:container-muxer-webm: aa71ff27fc2769a1b78a27578f13a17b -> 
  custom:container-demuxer-webm: 4f35f7cbe854078d1ac9338744f61a02 -> 
  custom:container-demuxer-ogg: 62fdf1f143b41e24485cea50d1cbac27 -> 
  custom:video-encoder-webm-vp8: eb34c28f22e8b96e1ab97ce403110664 -> 
  custom:video-decoder-webm-vp8: 9c59270c3fd7afecdb556c50c9e8de78 -> 
  custom:audio-decoder-ogg-vorbis: bf7c407c2cedff20999df2af8eb42d56 -> 
  custom:audio-encoder-webm-vorbis: bf7c407c2cedff20999df2af8eb42d56 -> 
========================================================================
Received Import Request.
  Time since last request: 21.635555 seconds.
  path: Assets/PlayerMovement.cs
  artifactKey: Guid(351e90e16458e2a44b53ff9f798de188) Importer(815301076,1909f56bfc062723c751e8b465ee728b)
Start importing Assets/PlayerMovement.cs using Guid(351e90e16458e2a44b53ff9f798de188) Importer(815301076,1909f56bfc062723c751e8b465ee728b)  -> (artifact id: '2a3a4bdd36d5a4ff0cea460a9dbbf00c') in 0.003761 seconds 
  Import took 0.007486 seconds .

========================================================================
Received Import Request.
  Time since last request: 49.884048 seconds.
  path: Assets/Prefabs
  artifactKey: Guid(322d9c7f84c12164482be3ab0246edf7) Importer(815301076,1909f56bfc062723c751e8b465ee728b)
Start importing Assets/Prefabs using Guid(322d9c7f84c12164482be3ab0246edf7) Importer(815301076,1909f56bfc062723c751e8b465ee728b)  -> (artifact id: '5547b901d9b02e0dc571bc768e23b1cd') in 0.006173 seconds 
  Import took 0.010839 seconds .

========================================================================
Received Import Request.
  Time since last request: 5.386871 seconds.
  path: Assets/Prefabs/Ground.prefab
  artifactKey: Guid(e346246f05c683a47a8d5b27f70d57bb) Importer(815301076,1909f56bfc062723c751e8b465ee728b)
Start importing Assets/Prefabs/Ground.prefab using Guid(e346246f05c683a47a8d5b27f70d57bb) Importer(815301076,1909f56bfc062723c751e8b465ee728b)  -> (artifact id: '40d2241dc407709c46222e9430876d55') in 0.075949 seconds 
  Import took 0.080025 seconds .

========================================================================
Received Import Request.
  Time since last request: 8.025109 seconds.
  path: Assets/Prefabs/Ground.prefab
  artifactKey: Guid(e346246f05c683a47a8d5b27f70d57bb) Importer(815301076,1909f56bfc062723c751e8b465ee728b)
Start importing Assets/Prefabs/Ground.prefab using Guid(e346246f05c683a47a8d5b27f70d57bb) Importer(815301076,1909f56bfc062723c751e8b465ee728b)  -> (artifact id: '7a5c812f5652f83414291e26fc6ff8c6') in 0.012478 seconds 
  Import took 0.016467 seconds .

========================================================================
Received Import Request.
  Time since last request: 1.579957 seconds.
  path: Assets/Prefabs/Ground.prefab
  artifactKey: Guid(e346246f05c683a47a8d5b27f70d57bb) Importer(815301076,1909f56bfc062723c751e8b465ee728b)
Start importing Assets/Prefabs/Ground.prefab using Guid(e346246f05c683a47a8d5b27f70d57bb) Importer(815301076,1909f56bfc062723c751e8b465ee728b)  -> (artifact id: '344d5e457b5cad4f982f84ab43987e7f') in 0.010841 seconds 
  Import took 0.014625 seconds .

========================================================================
Received Import Request.
  Time since last request: 0.984682 seconds.
  path: Assets/Prefabs/Ground.prefab
  artifactKey: Guid(e346246f05c683a47a8d5b27f70d57bb) Importer(815301076,1909f56bfc062723c751e8b465ee728b)
Start importing Assets/Prefabs/Ground.prefab using Guid(e346246f05c683a47a8d5b27f70d57bb) Importer(815301076,1909f56bfc062723c751e8b465ee728b)  -> (artifact id: '0ac516401f7891e7e8be66e115491eb9') in 0.009031 seconds 
  Import took 0.013146 seconds .

========================================================================
Received Import Request.
  Time since last request: 7.095942 seconds.
  path: Assets/Prefabs/Ground.prefab
  artifactKey: Guid(e346246f05c683a47a8d5b27f70d57bb) Importer(815301076,1909f56bfc062723c751e8b465ee728b)
Start importing Assets/Prefabs/Ground.prefab using Guid(e346246f05c683a47a8d5b27f70d57bb) Importer(815301076,1909f56bfc062723c751e8b465ee728b)  -> (artifact id: '005d7161a57e32af17f94292eae2f940') in 0.014686 seconds 
  Import took 0.018450 seconds .

========================================================================
Received Import Request.
  Time since last request: 3.809918 seconds.
  path: Assets/Prefabs/Ground.prefab
  artifactKey: Guid(e346246f05c683a47a8d5b27f70d57bb) Importer(815301076,1909f56bfc062723c751e8b465ee728b)
Start importing Assets/Prefabs/Ground.prefab using Guid(e346246f05c683a47a8d5b27f70d57bb) Importer(815301076,1909f56bfc062723c751e8b465ee728b)  -> (artifact id: '76188df0f6d08942f4b692d793e4005f') in 0.013088 seconds 
  Import took 0.016991 seconds .

========================================================================
Received Import Request.
  Time since last request: 1.994064 seconds.
  path: Assets/Prefabs/Ground.prefab
  artifactKey: Guid(e346246f05c683a47a8d5b27f70d57bb) Importer(815301076,1909f56bfc062723c751e8b465ee728b)
Start importing Assets/Prefabs/Ground.prefab using Guid(e346246f05c683a47a8d5b27f70d57bb) Importer(815301076,1909f56bfc062723c751e8b465ee728b)  -> (artifact id: '01103e26f7e453685cb34aa3b06e5347') in 0.011881 seconds 
  Import took 0.015309 seconds .

========================================================================
Received Import Request.
  Time since last request: 4.147680 seconds.
  path: Assets/Prefabs/Ground.prefab
  artifactKey: Guid(e346246f05c683a47a8d5b27f70d57bb) Importer(815301076,1909f56bfc062723c751e8b465ee728b)
Start importing Assets/Prefabs/Ground.prefab using Guid(e346246f05c683a47a8d5b27f70d57bb) Importer(815301076,1909f56bfc062723c751e8b465ee728b)  -> (artifact id: '388b49dbc9c2b90f5364b49427512cd2') in 0.008840 seconds 
  Import took 0.012308 seconds .

========================================================================
Received Import Request.
  Time since last request: 5.228994 seconds.
  path: Assets/Prefabs/Ground.prefab
  artifactKey: Guid(e346246f05c683a47a8d5b27f70d57bb) Importer(815301076,1909f56bfc062723c751e8b465ee728b)
Start importing Assets/Prefabs/Ground.prefab using Guid(e346246f05c683a47a8d5b27f70d57bb) Importer(815301076,1909f56bfc062723c751e8b465ee728b)  -> (artifact id: '8a590b0055505a6a22f42e1d67cb5ff4') in 0.013491 seconds 
  Import took 0.017120 seconds .

========================================================================
Received Import Request.
  Time since last request: 2.609410 seconds.
  path: Assets/Prefabs/Ground.prefab
  artifactKey: Guid(e346246f05c683a47a8d5b27f70d57bb) Importer(815301076,1909f56bfc062723c751e8b465ee728b)
Start importing Assets/Prefabs/Ground.prefab using Guid(e346246f05c683a47a8d5b27f70d57bb) Importer(815301076,1909f56bfc062723c751e8b465ee728b)  -> (artifact id: '8cc1b04badcf0362692979f792f532f1') in 0.013036 seconds 
  Import took 0.017323 seconds .

========================================================================
Received Import Request.
  Time since last request: 3.049313 seconds.
  path: Assets/Prefabs/Ground.prefab
  artifactKey: Guid(e346246f05c683a47a8d5b27f70d57bb) Importer(815301076,1909f56bfc062723c751e8b465ee728b)
Start importing Assets/Prefabs/Ground.prefab using Guid(e346246f05c683a47a8d5b27f70d57bb) Importer(815301076,1909f56bfc062723c751e8b465ee728b)  -> (artifact id: '71de8eadb75a2e6e819b8cc96be02772') in 0.007864 seconds 
  Import took 0.011919 seconds .

========================================================================
Received Import Request.
  Time since last request: 3.004588 seconds.
  path: Assets/Prefabs/Ground.prefab
  artifactKey: Guid(e346246f05c683a47a8d5b27f70d57bb) Importer(815301076,1909f56bfc062723c751e8b465ee728b)
Start importing Assets/Prefabs/Ground.prefab using Guid(e346246f05c683a47a8d5b27f70d57bb) Importer(815301076,1909f56bfc062723c751e8b465ee728b)  -> (artifact id: 'cdb0ce4e2e1951e973bb5630b1debf0c') in 0.012714 seconds 
  Import took 0.016540 seconds .

========================================================================
Received Import Request.
  Time since last request: 5.627970 seconds.
  path: Assets/Prefabs/Ground.prefab
  artifactKey: Guid(e346246f05c683a47a8d5b27f70d57bb) Importer(815301076,1909f56bfc062723c751e8b465ee728b)
Start importing Assets/Prefabs/Ground.prefab using Guid(e346246f05c683a47a8d5b27f70d57bb) Importer(815301076,1909f56bfc062723c751e8b465ee728b)  -> (artifact id: '22f314002ac154f21d72d5a080f34f67') in 0.012891 seconds 
  Import took 0.017019 seconds .

========================================================================
Received Import Request.
  Time since last request: 6.430585 seconds.
  path: Assets/Prefabs/Ground.prefab
  artifactKey: Guid(e346246f05c683a47a8d5b27f70d57bb) Importer(815301076,1909f56bfc062723c751e8b465ee728b)
Start importing Assets/Prefabs/Ground.prefab using Guid(e346246f05c683a47a8d5b27f70d57bb) Importer(815301076,1909f56bfc062723c751e8b465ee728b)  -> (artifact id: '7eaeabf0baa98d4e7a64a7ab7285aa33') in 0.012212 seconds 
  Import took 0.015345 seconds .

========================================================================
Received Import Request.
  Time since last request: 4.834366 seconds.
  path: Assets/Prefabs/Ground.prefab
  artifactKey: Guid(e346246f05c683a47a8d5b27f70d57bb) Importer(815301076,1909f56bfc062723c751e8b465ee728b)
Start importing Assets/Prefabs/Ground.prefab using Guid(e346246f05c683a47a8d5b27f70d57bb) Importer(815301076,1909f56bfc062723c751e8b465ee728b)  -> (artifact id: 'faccfb5222423cebeffd568662c8c5a6') in 0.012120 seconds 
  Import took 0.015866 seconds .

========================================================================
Received Import Request.
  Time since last request: 0.785307 seconds.
  path: Assets/Prefabs/Ground.prefab
  artifactKey: Guid(e346246f05c683a47a8d5b27f70d57bb) Importer(815301076,1909f56bfc062723c751e8b465ee728b)
Start importing Assets/Prefabs/Ground.prefab using Guid(e346246f05c683a47a8d5b27f70d57bb) Importer(815301076,1909f56bfc062723c751e8b465ee728b)  -> (artifact id: '81de2529efbb7f00cfc57f509ad28b8a') in 0.013421 seconds 
  Import took 0.017331 seconds .

========================================================================
Received Import Request.
  Time since last request: 1.807078 seconds.
  path: Assets/Prefabs/Ground.prefab
  artifactKey: Guid(e346246f05c683a47a8d5b27f70d57bb) Importer(815301076,1909f56bfc062723c751e8b465ee728b)
Start importing Assets/Prefabs/Ground.prefab using Guid(e346246f05c683a47a8d5b27f70d57bb) Importer(815301076,1909f56bfc062723c751e8b465ee728b)  -> (artifact id: '315fea06e91d4d355fbcdcb0490e1fa9') in 0.011869 seconds 
  Import took 0.015600 seconds .

========================================================================
Received Import Request.
  Time since last request: 0.990455 seconds.
  path: Assets/Prefabs/Ground.prefab
  artifactKey: Guid(e346246f05c683a47a8d5b27f70d57bb) Importer(815301076,1909f56bfc062723c751e8b465ee728b)
Start importing Assets/Prefabs/Ground.prefab using Guid(e346246f05c683a47a8d5b27f70d57bb) Importer(815301076,1909f56bfc062723c751e8b465ee728b)  -> (artifact id: '721704e619ea6d145a80a124d78b2060') in 0.011320 seconds 
  Import took 0.014984 seconds .

========================================================================
Received Import Request.
  Time since last request: 8.855284 seconds.
  path: Assets/Prefabs/Ground.prefab
  artifactKey: Guid(e346246f05c683a47a8d5b27f70d57bb) Importer(815301076,1909f56bfc062723c751e8b465ee728b)
Start importing Assets/Prefabs/Ground.prefab using Guid(e346246f05c683a47a8d5b27f70d57bb) Importer(815301076,1909f56bfc062723c751e8b465ee728b)  -> (artifact id: '9fc86114521424868489e7f4cc65cacb') in 0.012105 seconds 
  Import took 0.016624 seconds .

========================================================================
Received Import Request.
  Time since last request: 1.989352 seconds.
  path: Assets/Prefabs/Ground.prefab
  artifactKey: Guid(e346246f05c683a47a8d5b27f70d57bb) Importer(815301076,1909f56bfc062723c751e8b465ee728b)
Start importing Assets/Prefabs/Ground.prefab using Guid(e346246f05c683a47a8d5b27f70d57bb) Importer(815301076,1909f56bfc062723c751e8b465ee728b)  -> (artifact id: '501adc7af230d93e350fd26d979c62b7') in 0.011935 seconds 
  Import took 0.015550 seconds .

========================================================================
Received Import Request.
  Time since last request: 11.877578 seconds.
  path: Assets/Prefabs/Ground.prefab
  artifactKey: Guid(e346246f05c683a47a8d5b27f70d57bb) Importer(815301076,1909f56bfc062723c751e8b465ee728b)
Start importing Assets/Prefabs/Ground.prefab using Guid(e346246f05c683a47a8d5b27f70d57bb) Importer(815301076,1909f56bfc062723c751e8b465ee728b)  -> (artifact id: '844e11d9e8b5d7f865fc15bc0d93aae6') in 0.008833 seconds 
  Import took 0.012456 seconds .

